<?xml version="1.0" encoding="UTF-8"?>
<!-- Generated by org.testng.reporters.JUnitXMLReporter -->
<testsuite hostname="CVIDUDALPF0TUCXG" failures="0" tests="4" name="Acceptance Test" time="45.361" errors="0" timestamp="29 Sep 2019 07:47:48 GMT">
  <testcase classname="com.medtronics.tests.scenarios.LoginScenario" name="LoginWithValidUsers" time="4.338"/>
  <testcase classname="com.medtronics.tests.scenarios.OrderScenario" name="placeOrder" time="4.044"/>
  <testcase classname="com.medtronics.tests.scenarios.OrderScenario" name="placeOrder" time="2.685"/>
  <testcase classname="com.medtronics.tests.scenarios.OrderScenario" name="placeOrder" time="2.915"/>
</testsuite> <!-- Acceptance Test -->
