<?xml version="1.0" encoding="UTF-8"?>
<!-- Generated by org.testng.reporters.JUnitXMLReporter -->
<testsuite hostname="CVIDUDALPF0TUCXG" failures="0" tests="4" name="Login Test" time="44.147" errors="0" timestamp="29 Sep 2019 07:24:41 GMT">
  <testcase classname="com.medtronics.tests.scenarios.LoginScenario" name="LoginWithValidUsers" time="4.096"/>
  <testcase classname="com.medtronics.tests.scenarios.OrderScenario" name="placeOrder" time="3.503"/>
  <testcase classname="com.medtronics.tests.scenarios.OrderScenario" name="placeOrder" time="4.857"/>
  <testcase classname="com.medtronics.tests.scenarios.OrderScenario" name="placeOrder" time="3.322"/>
</testsuite> <!-- Login Test -->
